<?xml version="1.0" encoding="UTF-8"?>
<!-- Generated by org.testng.reporters.JUnitXMLReporter -->
<testsuite ignored="2" hostname="Pankaj" failures="1" tests="4" name="FirefoxTest" time="40.961" errors="0" timestamp="2023-06-07T09:10:58 IST">
  <testcase classname="testpackBewkoof.ToVerifyShirtSection" name="veriftShirtDetailsAfterClicking" time="4.196">
    <failure type="java.lang.AssertionError" message="expected [https://www.bewakoof.com/p/mens-red-groovin-graphic-printed-oversized-t-shirt] but found [https://www.bewakoof.com/login?ref=/men-clothing]">
      <![CDATA[java.lang.AssertionError: expected [https://www.bewakoof.com/p/mens-red-groovin-graphic-printed-oversized-t-shirt] but found [https://www.bewakoof.com/login?ref=/men-clothing]
at testpackBewkoof.ToVerifyShirtSection.veriftShirtDetailsAfterClicking(ToVerifyShirtSection.java:73)
at java.base/java.util.concurrent.ThreadPoolExecutor.runWorker(ThreadPoolExecutor.java:1136)
at java.base/java.util.concurrent.ThreadPoolExecutor$Worker.run(ThreadPoolExecutor.java:635)
at java.base/java.lang.Thread.run(Thread.java:833)
... Removed 18 stack frames]]>
    </failure>
  </testcase> <!-- veriftShirtDetailsAfterClicking -->
  <testcase classname="testpackBewkoof.ToVerifyHomePage" name="verifyMenSectionafterClickingMenTab" time="5.038"/>
  <testcase classname="testpackBewkoof.ToVerifyHomePage" name="verifyLoginButtononHomePage" time="2.613"/>
  <testcase classname="testpackBewkoof.ToVerifyShirtSection" name="verifyTitleofShirtSectionPage" time="0.692"/>
  <testcase classname="testpackBewkoof.ToVerifyHomePage" name="tempTest" time="0.0">
    <ignored/>
  </testcase> <!-- tempTest -->
  <testcase classname="testpackBewkoof.ToVerifyHomePage" name="enterLoginDetail" time="0.0">
    <ignored/>
  </testcase> <!-- enterLoginDetail -->
</testsuite> <!-- FirefoxTest -->
