<?xml version="1.0" encoding="UTF-8"?>
<!-- Generated by org.testng.reporters.JUnitXMLReporter -->
<testsuite ignored="1" hostname="Pankaj" failures="0" tests="4" name="OperaTest" time="0.091" errors="0" timestamp="2023-03-24T14:45:19 IST">
  <testcase classname="testpackBewkoof.ToVerifyHomePage" name="@BeforeTest beforeTest" time="-1.679649319706E9">
    <failure type="org.testng.TestNGException" message="
Can inject only one of &amp;lt;ITestContext, XmlTest&amp;gt; into a @BeforeTest annotated beforeTest.
For more information on native dependency injection please refer to https://testng.org/doc/documentation-main.html#native-dependency-injection">
      <![CDATA[org.testng.TestNGException: 
Can inject only one of <ITestContext, XmlTest> into a @BeforeTest annotated beforeTest.
For more information on native dependency injection please refer to https://testng.org/doc/documentation-main.html#native-dependency-injection
... Removed 21 stack frames]]>
    </failure>
  </testcase> <!-- @BeforeTest beforeTest -->
  <testcase classname="testpackBewkoof.ToVerifyShirtSection" name="@BeforeTest beforeTest" time="-1.679649319708E9">
    <skipped/>
  </testcase> <!-- @BeforeTest beforeTest -->
  <testcase classname="testpackBewkoof.ToVerifyShirtSection" name="@BeforeClass launchBrowser" time="-1.679649319716E9">
    <skipped/>
  </testcase> <!-- @BeforeClass launchBrowser -->
  <testcase classname="testpackBewkoof.ToVerifyShirtSection" name="@BeforeMethod openApplication" time="-1.679649319731E9">
    <skipped/>
  </testcase> <!-- @BeforeMethod openApplication -->
  <testcase classname="testpackBewkoof.ToVerifyShirtSection" name="@AfterMethod afterMethod" time="-1.679649319736E9">
    <skipped/>
  </testcase> <!-- @AfterMethod afterMethod -->
  <testcase classname="testpackBewkoof.ToVerifyShirtSection" name="@BeforeMethod openApplication" time="-1.679649319741E9">
    <skipped/>
  </testcase> <!-- @BeforeMethod openApplication -->
  <testcase classname="testpackBewkoof.ToVerifyShirtSection" name="@AfterMethod afterMethod" time="-1.679649319754E9">
    <skipped/>
  </testcase> <!-- @AfterMethod afterMethod -->
  <testcase classname="testpackBewkoof.ToVerifyShirtSection" name="@AfterClass afterClass" time="-1.679649319757E9">
    <skipped/>
  </testcase> <!-- @AfterClass afterClass -->
  <testcase classname="testpackBewkoof.ToVerifyHomePage" name="@BeforeClass launchBrowser" time="-1.679649319759E9">
    <skipped/>
  </testcase> <!-- @BeforeClass launchBrowser -->
  <testcase classname="testpackBewkoof.ToVerifyHomePage" name="@BeforeMethod openApplication" time="-1.679649319763E9">
    <skipped/>
  </testcase> <!-- @BeforeMethod openApplication -->
  <testcase classname="testpackBewkoof.ToVerifyHomePage" name="@AfterMethod logOutBrowser" time="-1.679649319769E9">
    <skipped/>
  </testcase> <!-- @AfterMethod logOutBrowser -->
  <testcase classname="testpackBewkoof.ToVerifyHomePage" name="@BeforeMethod openApplication" time="-1.679649319772E9">
    <skipped/>
  </testcase> <!-- @BeforeMethod openApplication -->
  <testcase classname="testpackBewkoof.ToVerifyHomePage" name="@AfterMethod logOutBrowser" time="-1.679649319784E9">
    <skipped/>
  </testcase> <!-- @AfterMethod logOutBrowser -->
  <testcase classname="testpackBewkoof.ToVerifyHomePage" name="@AfterClass closeTheBrowser" time="-1.679649319786E9">
    <skipped/>
  </testcase> <!-- @AfterClass closeTheBrowser -->
  <testcase classname="testpackBewkoof.ToVerifyHomePage" name="@AfterTest afterTest" time="-1.679649319788E9">
    <skipped/>
  </testcase> <!-- @AfterTest afterTest -->
  <testcase classname="testpackBewkoof.ToVerifyShirtSection" name="@AfterTest afterTest" time="-1.679649319792E9">
    <skipped/>
  </testcase> <!-- @AfterTest afterTest -->
  <testcase classname="testpackBewkoof.ToVerifyShirtSection" name="veriftShirtDetailsAfterClicking" time="0.0">
    <skipped/>
  </testcase> <!-- veriftShirtDetailsAfterClicking -->
  <testcase classname="testpackBewkoof.ToVerifyShirtSection" name="verifyTitleofShirtSectionPage" time="0.0">
    <skipped/>
  </testcase> <!-- verifyTitleofShirtSectionPage -->
  <testcase classname="testpackBewkoof.ToVerifyHomePage" name="verifyMenSectionafterClickingMenTab" time="0.0">
    <skipped/>
  </testcase> <!-- verifyMenSectionafterClickingMenTab -->
  <testcase classname="testpackBewkoof.ToVerifyHomePage" name="verifyLoginButtononHomePage" time="0.0">
    <skipped/>
  </testcase> <!-- verifyLoginButtononHomePage -->
  <testcase classname="testpackBewkoof.ToVerifyHomePage" name="tempTest" time="0.0">
    <ignored/>
  </testcase> <!-- tempTest -->
</testsuite> <!-- OperaTest -->
