<?xml version="1.0" encoding="UTF-8"?>
<!-- Generated by org.testng.reporters.JUnitXMLReporter -->
<testsuite ignored="1" hostname="Pankaj" failures="0" tests="5" name="ChromeTest(failed)" time="1.941" errors="0" timestamp="2023-06-07T09:12:57 IST">
  <testcase classname="testpackBewkoof.ToVerifyHomePage" name="@BeforeTest beforeTest" time="1.737">
    <failure type="org.openqa.selenium.SessionNotCreatedException" message="session not created: This version of ChromeDriver only supports Chrome version 111
Current browser version is 114.0.5735.110 with binary path C:\Program Files\Google\Chrome\Application\chrome.exe
Build info: version: &amp;apos;3.141.59&amp;apos;, revision: &amp;apos;e82be7d358&amp;apos;, time: &amp;apos;2018-11-14T08:17:03&amp;apos;
System info: host: &amp;apos;PANKAJ&amp;apos;, ip: &amp;apos;192.168.43.89&amp;apos;, os.name: &amp;apos;Windows 10&amp;apos;, os.arch: &amp;apos;amd64&amp;apos;, os.version: &amp;apos;10.0&amp;apos;, java.version: &amp;apos;17.0.5&amp;apos;
Driver info: driver.version: ChromeDriver
remote stacktrace: Backtrace:
	(No symbol) [0x0117DCE3]
	(No symbol) [0x011139D1]
	(No symbol) [0x01024DA8]
	(No symbol) [0x01044F6C]
	(No symbol) [0x01040D11]
	(No symbol) [0x0103ED19]
	(No symbol) [0x010715AE]
	(No symbol) [0x0107129C]
	(No symbol) [0x0106ACC6]
	(No symbol) [0x01046F68]
	(No symbol) [0x010480CD]
	GetHandleVerifier [0x013F3832+2506274]
	GetHandleVerifier [0x01429794+2727300]
	GetHandleVerifier [0x0142E36C+2746716]
	GetHandleVerifier [0x01226690+617600]
	(No symbol) [0x0111C712]
	(No symbol) [0x01121FF8]
	(No symbol) [0x011220DB]
	(No symbol) [0x0112C63B]
	BaseThreadInitThunk [0x75BF00C9+25]
	RtlGetAppContainerNamedObjectPath [0x77967B4E+286]
	RtlGetAppContainerNamedObjectPath [0x77967B1E+238]
">
      <![CDATA[org.openqa.selenium.SessionNotCreatedException: session not created: This version of ChromeDriver only supports Chrome version 111
Current browser version is 114.0.5735.110 with binary path C:\Program Files\Google\Chrome\Application\chrome.exe
Build info: version: '3.141.59', revision: 'e82be7d358', time: '2018-11-14T08:17:03'
System info: host: 'PANKAJ', ip: '192.168.43.89', os.name: 'Windows 10', os.arch: 'amd64', os.version: '10.0', java.version: '17.0.5'
Driver info: driver.version: ChromeDriver
remote stacktrace: Backtrace:
(No symbol) [0x0117DCE3]
(No symbol) [0x011139D1]
(No symbol) [0x01024DA8]
(No symbol) [0x01044F6C]
(No symbol) [0x01040D11]
(No symbol) [0x0103ED19]
(No symbol) [0x010715AE]
(No symbol) [0x0107129C]
(No symbol) [0x0106ACC6]
(No symbol) [0x01046F68]
(No symbol) [0x010480CD]
GetHandleVerifier [0x013F3832+2506274]
GetHandleVerifier [0x01429794+2727300]
GetHandleVerifier [0x0142E36C+2746716]
GetHandleVerifier [0x01226690+617600]
(No symbol) [0x0111C712]
(No symbol) [0x01121FF8]
(No symbol) [0x011220DB]
(No symbol) [0x0112C63B]
BaseThreadInitThunk [0x75BF00C9+25]
RtlGetAppContainerNamedObjectPath [0x77967B4E+286]
RtlGetAppContainerNamedObjectPath [0x77967B1E+238]

at org.openqa.selenium.remote.W3CHandshakeResponse.lambda$errorHandler$0(W3CHandshakeResponse.java:62)
at org.openqa.selenium.remote.HandshakeResponse.lambda$getResponseFunction$0(HandshakeResponse.java:30)
at org.openqa.selenium.remote.ProtocolHandshake.lambda$createSession$0(ProtocolHandshake.java:126)
at java.base/java.util.stream.ReferencePipeline$3$1.accept(ReferencePipeline.java:197)
at java.base/java.util.Spliterators$ArraySpliterator.tryAdvance(Spliterators.java:1002)
at java.base/java.util.stream.ReferencePipeline.forEachWithCancel(ReferencePipeline.java:129)
at java.base/java.util.stream.AbstractPipeline.copyIntoWithCancel(AbstractPipeline.java:527)
at java.base/java.util.stream.AbstractPipeline.copyInto(AbstractPipeline.java:513)
at java.base/java.util.stream.AbstractPipeline.wrapAndCopyInto(AbstractPipeline.java:499)
at java.base/java.util.stream.FindOps$FindOp.evaluateSequential(FindOps.java:150)
at java.base/java.util.stream.AbstractPipeline.evaluate(AbstractPipeline.java:234)
at java.base/java.util.stream.ReferencePipeline.findFirst(ReferencePipeline.java:647)
at org.openqa.selenium.remote.ProtocolHandshake.createSession(ProtocolHandshake.java:128)
at org.openqa.selenium.remote.ProtocolHandshake.createSession(ProtocolHandshake.java:74)
at org.openqa.selenium.remote.HttpCommandExecutor.execute(HttpCommandExecutor.java:136)
at org.openqa.selenium.remote.service.DriverCommandExecutor.execute(DriverCommandExecutor.java:83)
at org.openqa.selenium.remote.RemoteWebDriver.execute(RemoteWebDriver.java:552)
at org.openqa.selenium.remote.RemoteWebDriver.startSession(RemoteWebDriver.java:213)
at org.openqa.selenium.remote.RemoteWebDriver.<init>(RemoteWebDriver.java:131)
at org.openqa.selenium.chrome.ChromeDriver.<init>(ChromeDriver.java:181)
at org.openqa.selenium.chrome.ChromeDriver.<init>(ChromeDriver.java:168)
at org.openqa.selenium.chrome.ChromeDriver.<init>(ChromeDriver.java:157)
at browserSetup.Base.openChromeBrowser(Base.java:15)
at testpackBewkoof.ToVerifyHomePage.beforeTest(ToVerifyHomePage.java:36)
... Removed 29 stack frames]]>
    </failure>
  </testcase> <!-- @BeforeTest beforeTest -->
  <testcase classname="testpackBewkoof.ToVerifyShirtSection" name="@BeforeTest beforeTest" time="-1.686109376812E9">
    <skipped/>
  </testcase> <!-- @BeforeTest beforeTest -->
  <testcase classname="testpackBewkoof.ToVerifyShirtSection" name="@BeforeClass launchBrowser" time="-1.686109376862E9">
    <skipped/>
  </testcase> <!-- @BeforeClass launchBrowser -->
  <testcase classname="testpackBewkoof.ToVerifyHomePage" name="@BeforeClass launchBrowser" time="-1.68610937688E9">
    <skipped/>
  </testcase> <!-- @BeforeClass launchBrowser -->
  <testcase classname="testpackBewkoof.ToVerifyShirtSection" name="@BeforeMethod openApplication" time="-1.686109376882E9">
    <skipped/>
  </testcase> <!-- @BeforeMethod openApplication -->
  <testcase classname="testpackBewkoof.ToVerifyHomePage" name="@BeforeMethod openApplication" time="-1.686109376884E9">
    <skipped/>
  </testcase> <!-- @BeforeMethod openApplication -->
  <testcase classname="testpackBewkoof.ToVerifyShirtSection" name="@AfterMethod afterMethod" time="-1.686109376914E9">
    <skipped/>
  </testcase> <!-- @AfterMethod afterMethod -->
  <testcase classname="testpackBewkoof.ToVerifyHomePage" name="@AfterMethod logOutBrowser" time="-1.686109376932E9">
    <skipped/>
  </testcase> <!-- @AfterMethod logOutBrowser -->
  <testcase classname="testpackBewkoof.ToVerifyHomePage" name="@BeforeMethod openApplication" time="-1.686109376935E9">
    <skipped/>
  </testcase> <!-- @BeforeMethod openApplication -->
  <testcase classname="testpackBewkoof.ToVerifyShirtSection" name="@BeforeMethod openApplication" time="-1.686109376935E9">
    <skipped/>
  </testcase> <!-- @BeforeMethod openApplication -->
  <testcase classname="testpackBewkoof.ToVerifyHomePage" name="@AfterMethod logOutBrowser" time="-1.686109376964E9">
    <skipped/>
  </testcase> <!-- @AfterMethod logOutBrowser -->
  <testcase classname="testpackBewkoof.ToVerifyHomePage" name="@BeforeMethod openApplication" time="-1.686109376969E9">
    <skipped/>
  </testcase> <!-- @BeforeMethod openApplication -->
  <testcase classname="testpackBewkoof.ToVerifyShirtSection" name="@AfterMethod afterMethod" time="-1.686109376973E9">
    <skipped/>
  </testcase> <!-- @AfterMethod afterMethod -->
  <testcase classname="testpackBewkoof.ToVerifyShirtSection" name="@AfterClass clearObject" time="-1.686109376975E9">
    <skipped/>
  </testcase> <!-- @AfterClass clearObject -->
  <testcase classname="testpackBewkoof.ToVerifyHomePage" name="@AfterMethod logOutBrowser" time="-1.686109376979E9">
    <skipped/>
  </testcase> <!-- @AfterMethod logOutBrowser -->
  <testcase classname="testpackBewkoof.ToVerifyHomePage" name="@AfterClass clearObject" time="-1.686109376983E9">
    <skipped/>
  </testcase> <!-- @AfterClass clearObject -->
  <testcase classname="testpackBewkoof.ToVerifyHomePage" name="@AfterTest afterTest" time="-1.686109376986E9">
    <skipped/>
  </testcase> <!-- @AfterTest afterTest -->
  <testcase classname="testpackBewkoof.ToVerifyShirtSection" name="@AfterTest afterTest" time="-1.686109376988E9">
    <skipped/>
  </testcase> <!-- @AfterTest afterTest -->
  <testcase classname="testpackBewkoof.ToVerifyShirtSection" name="veriftShirtDetailsAfterClicking" time="0.0">
    <skipped/>
  </testcase> <!-- veriftShirtDetailsAfterClicking -->
  <testcase classname="testpackBewkoof.ToVerifyHomePage" name="verifyMenSectionafterClickingMenTab" time="0.0">
    <skipped/>
  </testcase> <!-- verifyMenSectionafterClickingMenTab -->
  <testcase classname="testpackBewkoof.ToVerifyHomePage" name="enterLoginDetail" time="0.0">
    <skipped/>
  </testcase> <!-- enterLoginDetail -->
  <testcase classname="testpackBewkoof.ToVerifyShirtSection" name="verifyTitleofShirtSectionPage" time="0.0">
    <skipped/>
  </testcase> <!-- verifyTitleofShirtSectionPage -->
  <testcase classname="testpackBewkoof.ToVerifyHomePage" name="verifyLoginButtononHomePage" time="0.0">
    <skipped/>
  </testcase> <!-- verifyLoginButtononHomePage -->
  <testcase classname="testpackBewkoof.ToVerifyHomePage" name="tempTest" time="0.0">
    <ignored/>
  </testcase> <!-- tempTest -->
</testsuite> <!-- ChromeTest(failed) -->
