<?xml version="1.0" encoding="UTF-8"?>
<!-- Generated by org.testng.reporters.JUnitXMLReporter -->
<testsuite ignored="1" hostname="Pankaj" failures="1" tests="1" name="FirefoxTest(failed)" time="12.202" errors="0" timestamp="2023-06-07T09:13:09 IST">
  <testcase classname="testpackBewkoof.ToVerifyShirtSection" name="veriftShirtDetailsAfterClicking" time="0.615">
    <failure type="java.lang.AssertionError" message="expected [https://www.bewakoof.com/p/mens-red-groovin-graphic-printed-oversized-t-shirt] but found [https://www.bewakoof.com/login?ref=/men-clothing]">
      <![CDATA[java.lang.AssertionError: expected [https://www.bewakoof.com/p/mens-red-groovin-graphic-printed-oversized-t-shirt] but found [https://www.bewakoof.com/login?ref=/men-clothing]
at testpackBewkoof.ToVerifyShirtSection.veriftShirtDetailsAfterClicking(ToVerifyShirtSection.java:73)
at java.base/java.util.concurrent.ThreadPoolExecutor.runWorker(ThreadPoolExecutor.java:1136)
at java.base/java.util.concurrent.ThreadPoolExecutor$Worker.run(ThreadPoolExecutor.java:635)
at java.base/java.lang.Thread.run(Thread.java:833)
... Removed 18 stack frames]]>
    </failure>
  </testcase> <!-- veriftShirtDetailsAfterClicking -->
  <testcase classname="testpackBewkoof.ToVerifyShirtSection" name="verifyTitleofShirtSectionPage" time="0.0">
    <ignored/>
  </testcase> <!-- verifyTitleofShirtSectionPage -->
</testsuite> <!-- FirefoxTest(failed) -->
