<?xml version="1.0" encoding="UTF-8"?>
<testng-results ignored="3" total="12" passed="7" failed="2" skipped="0">
  <reporter-output>
  </reporter-output>
  <suite started-at="2023-04-10T21:04:22 IST" name="HighPrioritySuite" finished-at="2023-04-10T21:05:40 IST" duration-ms="78615">
    <groups>
    </groups>
    <test started-at="2023-04-10T21:04:22 IST" name="ChromeTest" finished-at="2023-04-10T21:05:03 IST" duration-ms="41675">
      <class name="testpackBewkoof.ToVerifyShirtSection">
        <test-method is-config="true" signature="beforeTest(java.lang.String)[pri:0, instance:testpackBewkoof.ToVerifyShirtSection@1a451d4d]" started-at="2023-04-10T21:04:25 IST" name="beforeTest" finished-at="2023-04-10T21:04:26 IST" duration-ms="1024" status="PASS">
          <params>
            <param index="0">
              <value>
                <![CDATA[Chrome]]>
              </value>
            </param>
          </params>
          <reporter-output>
          </reporter-output>
        </test-method> <!-- beforeTest -->
        <test-method is-config="true" signature="launchBrowser()[pri:0, instance:testpackBewkoof.ToVerifyShirtSection@1a451d4d]" started-at="2023-04-10T21:04:26 IST" name="launchBrowser" finished-at="2023-04-10T21:04:26 IST" duration-ms="0" status="PASS">
          <reporter-output>
          </reporter-output>
        </test-method> <!-- launchBrowser -->
        <test-method is-config="true" signature="openApplication()[pri:0, instance:testpackBewkoof.ToVerifyShirtSection@1a451d4d]" started-at="2023-04-10T21:04:26 IST" name="openApplication" finished-at="2023-04-10T21:04:32 IST" duration-ms="6340" status="PASS">
          <reporter-output>
          </reporter-output>
        </test-method> <!-- openApplication -->
        <test-method signature="veriftShirtDetailsAfterClicking()[pri:0, instance:testpackBewkoof.ToVerifyShirtSection@1a451d4d]" started-at="2023-04-10T21:04:32 IST" name="veriftShirtDetailsAfterClicking" finished-at="2023-04-10T21:04:36 IST" duration-ms="3752" status="FAIL">
          <exception class="java.lang.AssertionError">
            <message>
              <![CDATA[expected [https://www.bewakoof.com/p/mens-red-groovin-graphic-printed-oversized-t-shirt] but found [https://www.bewakoof.com/p/men-gulf-coast-black-printed-t-shirt]]]>
            </message>
            <full-stacktrace>
              <![CDATA[java.lang.AssertionError: expected [https://www.bewakoof.com/p/mens-red-groovin-graphic-printed-oversized-t-shirt] but found [https://www.bewakoof.com/p/men-gulf-coast-black-printed-t-shirt]
at org.testng.Assert.fail(Assert.java:99)
at org.testng.Assert.failNotEquals(Assert.java:1037)
at org.testng.Assert.assertEqualsImpl(Assert.java:140)
at org.testng.Assert.assertEquals(Assert.java:122)
at org.testng.Assert.assertEquals(Assert.java:629)
at org.testng.Assert.assertEquals(Assert.java:639)
at testpackBewkoof.ToVerifyShirtSection.veriftShirtDetailsAfterClicking(ToVerifyShirtSection.java:73)
at java.base/jdk.internal.reflect.NativeMethodAccessorImpl.invoke0(Native Method)
at java.base/jdk.internal.reflect.NativeMethodAccessorImpl.invoke(NativeMethodAccessorImpl.java:77)
at java.base/jdk.internal.reflect.DelegatingMethodAccessorImpl.invoke(DelegatingMethodAccessorImpl.java:43)
at java.base/java.lang.reflect.Method.invoke(Method.java:568)
at org.testng.internal.MethodInvocationHelper.invokeMethod(MethodInvocationHelper.java:133)
at org.testng.internal.TestInvoker.invokeMethod(TestInvoker.java:598)
at org.testng.internal.TestInvoker.invokeTestMethod(TestInvoker.java:173)
at org.testng.internal.MethodRunner.runInSequence(MethodRunner.java:46)
at org.testng.internal.TestInvoker$MethodInvocationAgent.invoke(TestInvoker.java:824)
at org.testng.internal.TestInvoker.invokeTestMethods(TestInvoker.java:146)
at org.testng.internal.TestMethodWorker.invokeTestMethods(TestMethodWorker.java:146)
at org.testng.internal.TestMethodWorker.run(TestMethodWorker.java:128)
at java.base/java.util.concurrent.ThreadPoolExecutor.runWorker(ThreadPoolExecutor.java:1136)
at java.base/java.util.concurrent.ThreadPoolExecutor$Worker.run(ThreadPoolExecutor.java:635)
at java.base/java.lang.Thread.run(Thread.java:833)
]]>
            </full-stacktrace>
          </exception> <!-- java.lang.AssertionError -->
          <reporter-output>
          </reporter-output>
        </test-method> <!-- veriftShirtDetailsAfterClicking -->
        <test-method is-config="true" signature="afterMethod(org.testng.ITestResult)[pri:0, instance:testpackBewkoof.ToVerifyShirtSection@1a451d4d]" started-at="2023-04-10T21:04:36 IST" name="afterMethod" finished-at="2023-04-10T21:04:36 IST" duration-ms="488" status="PASS">
          <params>
            <param index="0">
              <value>
                <![CDATA[[TestResult name=veriftShirtDetailsAfterClicking status=FAILURE method=ToVerifyShirtSection.veriftShirtDetailsAfterClicking()[pri:0, instance:testpackBewkoof.ToVerifyShirtSection@1a451d4d] output={null}]]]>
              </value>
            </param>
          </params>
          <reporter-output>
          </reporter-output>
        </test-method> <!-- afterMethod -->
        <test-method is-config="true" signature="openApplication()[pri:0, instance:testpackBewkoof.ToVerifyShirtSection@1a451d4d]" started-at="2023-04-10T21:04:36 IST" name="openApplication" finished-at="2023-04-10T21:04:44 IST" duration-ms="7283" status="PASS">
          <reporter-output>
          </reporter-output>
        </test-method> <!-- openApplication -->
        <test-method signature="verifyTitleofShirtSectionPage()[pri:0, instance:testpackBewkoof.ToVerifyShirtSection@1a451d4d]" started-at="2023-04-10T21:04:44 IST" name="verifyTitleofShirtSectionPage" finished-at="2023-04-10T21:04:44 IST" duration-ms="573" status="PASS">
          <reporter-output>
          </reporter-output>
        </test-method> <!-- verifyTitleofShirtSectionPage -->
        <test-method is-config="true" signature="afterMethod(org.testng.ITestResult)[pri:0, instance:testpackBewkoof.ToVerifyShirtSection@1a451d4d]" started-at="2023-04-10T21:04:44 IST" name="afterMethod" finished-at="2023-04-10T21:04:44 IST" duration-ms="1" status="PASS">
          <params>
            <param index="0">
              <value>
                <![CDATA[[TestResult name=verifyTitleofShirtSectionPage status=SUCCESS method=ToVerifyShirtSection.verifyTitleofShirtSectionPage()[pri:0, instance:testpackBewkoof.ToVerifyShirtSection@1a451d4d] output={null}]]]>
              </value>
            </param>
          </params>
          <reporter-output>
          </reporter-output>
        </test-method> <!-- afterMethod -->
        <test-method is-config="true" signature="clearObject()[pri:0, instance:testpackBewkoof.ToVerifyShirtSection@1a451d4d]" started-at="2023-04-10T21:04:44 IST" name="clearObject" finished-at="2023-04-10T21:04:45 IST" duration-ms="1075" status="PASS">
          <reporter-output>
          </reporter-output>
        </test-method> <!-- clearObject -->
        <test-method is-config="true" signature="afterTest()[pri:0, instance:testpackBewkoof.ToVerifyShirtSection@1a451d4d]" started-at="2023-04-10T21:05:03 IST" name="afterTest" finished-at="2023-04-10T21:05:03 IST" duration-ms="1" status="PASS">
          <reporter-output>
          </reporter-output>
        </test-method> <!-- afterTest -->
      </class> <!-- testpackBewkoof.ToVerifyShirtSection -->
      <class name="testpackBewkoof.ToVerifyHomePage">
        <test-method is-config="true" signature="beforeTest(java.lang.String)[pri:0, instance:testpackBewkoof.ToVerifyHomePage@71809907]" started-at="2023-04-10T21:04:22 IST" name="beforeTest" finished-at="2023-04-10T21:04:25 IST" duration-ms="3191" status="PASS">
          <params>
            <param index="0">
              <value>
                <![CDATA[Chrome]]>
              </value>
            </param>
          </params>
          <reporter-output>
          </reporter-output>
        </test-method> <!-- beforeTest -->
        <test-method is-config="true" signature="launchBrowser()[pri:0, instance:testpackBewkoof.ToVerifyHomePage@71809907]" started-at="2023-04-10T21:04:26 IST" name="launchBrowser" finished-at="2023-04-10T21:04:31 IST" duration-ms="5003" status="PASS">
          <reporter-output>
          </reporter-output>
        </test-method> <!-- launchBrowser -->
        <test-method is-config="true" signature="openApplication()[pri:0, instance:testpackBewkoof.ToVerifyHomePage@71809907]" started-at="2023-04-10T21:04:31 IST" name="openApplication" finished-at="2023-04-10T21:04:34 IST" duration-ms="3466" status="PASS">
          <reporter-output>
          </reporter-output>
        </test-method> <!-- openApplication -->
        <test-method signature="verifyMenSectionafterClickingMenTab()[pri:0, instance:testpackBewkoof.ToVerifyHomePage@71809907]" started-at="2023-04-10T21:04:34 IST" name="verifyMenSectionafterClickingMenTab" finished-at="2023-04-10T21:04:41 IST" duration-ms="6866" status="PASS">
          <reporter-output>
          </reporter-output>
        </test-method> <!-- verifyMenSectionafterClickingMenTab -->
        <test-method is-config="true" signature="logOutBrowser(org.testng.ITestResult)[pri:0, instance:testpackBewkoof.ToVerifyHomePage@71809907]" started-at="2023-04-10T21:04:41 IST" name="logOutBrowser" finished-at="2023-04-10T21:04:41 IST" duration-ms="1" status="PASS">
          <params>
            <param index="0">
              <value>
                <![CDATA[[TestResult name=verifyMenSectionafterClickingMenTab status=SUCCESS method=ToVerifyHomePage.verifyMenSectionafterClickingMenTab()[pri:0, instance:testpackBewkoof.ToVerifyHomePage@71809907] output={null}]]]>
              </value>
            </param>
          </params>
          <reporter-output>
          </reporter-output>
        </test-method> <!-- logOutBrowser -->
        <test-method is-config="true" signature="openApplication()[pri:0, instance:testpackBewkoof.ToVerifyHomePage@71809907]" started-at="2023-04-10T21:04:41 IST" name="openApplication" finished-at="2023-04-10T21:04:43 IST" duration-ms="1854" status="PASS">
          <reporter-output>
          </reporter-output>
        </test-method> <!-- openApplication -->
        <test-method signature="verifyLoginButtononHomePage()[pri:0, instance:testpackBewkoof.ToVerifyHomePage@71809907]" started-at="2023-04-10T21:04:43 IST" name="verifyLoginButtononHomePage" finished-at="2023-04-10T21:04:45 IST" duration-ms="1714" status="PASS">
          <reporter-output>
          </reporter-output>
        </test-method> <!-- verifyLoginButtononHomePage -->
        <test-method is-config="true" signature="logOutBrowser(org.testng.ITestResult)[pri:0, instance:testpackBewkoof.ToVerifyHomePage@71809907]" started-at="2023-04-10T21:04:45 IST" name="logOutBrowser" finished-at="2023-04-10T21:04:45 IST" duration-ms="1" status="PASS">
          <params>
            <param index="0">
              <value>
                <![CDATA[[TestResult name=verifyLoginButtononHomePage status=SUCCESS method=ToVerifyHomePage.verifyLoginButtononHomePage()[pri:0, instance:testpackBewkoof.ToVerifyHomePage@71809907] output={null}]]]>
              </value>
            </param>
          </params>
          <reporter-output>
          </reporter-output>
        </test-method> <!-- logOutBrowser -->
        <test-method is-config="true" signature="openApplication()[pri:0, instance:testpackBewkoof.ToVerifyHomePage@71809907]" started-at="2023-04-10T21:04:45 IST" name="openApplication" finished-at="2023-04-10T21:04:46 IST" duration-ms="1294" status="PASS">
          <reporter-output>
          </reporter-output>
        </test-method> <!-- openApplication -->
        <test-method signature="enterLoginDetail()[pri:0, instance:testpackBewkoof.ToVerifyHomePage@71809907]" started-at="2023-04-10T21:04:46 IST" name="enterLoginDetail" finished-at="2023-04-10T21:05:03 IST" duration-ms="16653" status="PASS">
          <reporter-output>
          </reporter-output>
        </test-method> <!-- enterLoginDetail -->
        <test-method is-config="true" signature="logOutBrowser(org.testng.ITestResult)[pri:0, instance:testpackBewkoof.ToVerifyHomePage@71809907]" started-at="2023-04-10T21:05:03 IST" name="logOutBrowser" finished-at="2023-04-10T21:05:03 IST" duration-ms="1" status="PASS">
          <params>
            <param index="0">
              <value>
                <![CDATA[[TestResult name=enterLoginDetail status=SUCCESS method=ToVerifyHomePage.enterLoginDetail()[pri:0, instance:testpackBewkoof.ToVerifyHomePage@71809907] output={null}]]]>
              </value>
            </param>
          </params>
          <reporter-output>
          </reporter-output>
        </test-method> <!-- logOutBrowser -->
        <test-method is-config="true" signature="clearObject()[pri:0, instance:testpackBewkoof.ToVerifyHomePage@71809907]" started-at="2023-04-10T21:05:03 IST" name="clearObject" finished-at="2023-04-10T21:05:03 IST" duration-ms="537" status="PASS">
          <reporter-output>
          </reporter-output>
        </test-method> <!-- clearObject -->
        <test-method is-config="true" signature="afterTest()[pri:0, instance:testpackBewkoof.ToVerifyHomePage@71809907]" started-at="2023-04-10T21:05:03 IST" name="afterTest" finished-at="2023-04-10T21:05:03 IST" duration-ms="0" status="PASS">
          <reporter-output>
          </reporter-output>
        </test-method> <!-- afterTest -->
      </class> <!-- testpackBewkoof.ToVerifyHomePage -->
    </test> <!-- ChromeTest -->
    <test started-at="2023-04-10T21:05:03 IST" name="FirefoxTest" finished-at="2023-04-10T21:05:40 IST" duration-ms="36824">
      <class name="testpackBewkoof.ToVerifyShirtSection">
        <test-method is-config="true" signature="beforeTest(java.lang.String)[pri:0, instance:testpackBewkoof.ToVerifyShirtSection@57a3af25]" started-at="2023-04-10T21:05:10 IST" name="beforeTest" finished-at="2023-04-10T21:05:15 IST" duration-ms="4657" status="PASS">
          <params>
            <param index="0">
              <value>
                <![CDATA[Firefox]]>
              </value>
            </param>
          </params>
          <reporter-output>
          </reporter-output>
        </test-method> <!-- beforeTest -->
        <test-method is-config="true" signature="launchBrowser()[pri:0, instance:testpackBewkoof.ToVerifyShirtSection@57a3af25]" started-at="2023-04-10T21:05:15 IST" name="launchBrowser" finished-at="2023-04-10T21:05:15 IST" duration-ms="1" status="PASS">
          <reporter-output>
          </reporter-output>
        </test-method> <!-- launchBrowser -->
        <test-method is-config="true" signature="openApplication()[pri:0, instance:testpackBewkoof.ToVerifyShirtSection@57a3af25]" started-at="2023-04-10T21:05:15 IST" name="openApplication" finished-at="2023-04-10T21:05:24 IST" duration-ms="8784" status="PASS">
          <reporter-output>
          </reporter-output>
        </test-method> <!-- openApplication -->
        <test-method signature="veriftShirtDetailsAfterClicking()[pri:0, instance:testpackBewkoof.ToVerifyShirtSection@57a3af25]" started-at="2023-04-10T21:05:24 IST" name="veriftShirtDetailsAfterClicking" finished-at="2023-04-10T21:05:29 IST" duration-ms="5119" status="FAIL">
          <exception class="java.lang.AssertionError">
            <message>
              <![CDATA[expected [https://www.bewakoof.com/p/mens-red-groovin-graphic-printed-oversized-t-shirt] but found [https://www.bewakoof.com/p/men-gulf-coast-black-printed-t-shirt]]]>
            </message>
            <full-stacktrace>
              <![CDATA[java.lang.AssertionError: expected [https://www.bewakoof.com/p/mens-red-groovin-graphic-printed-oversized-t-shirt] but found [https://www.bewakoof.com/p/men-gulf-coast-black-printed-t-shirt]
at org.testng.Assert.fail(Assert.java:99)
at org.testng.Assert.failNotEquals(Assert.java:1037)
at org.testng.Assert.assertEqualsImpl(Assert.java:140)
at org.testng.Assert.assertEquals(Assert.java:122)
at org.testng.Assert.assertEquals(Assert.java:629)
at org.testng.Assert.assertEquals(Assert.java:639)
at testpackBewkoof.ToVerifyShirtSection.veriftShirtDetailsAfterClicking(ToVerifyShirtSection.java:73)
at java.base/jdk.internal.reflect.NativeMethodAccessorImpl.invoke0(Native Method)
at java.base/jdk.internal.reflect.NativeMethodAccessorImpl.invoke(NativeMethodAccessorImpl.java:77)
at java.base/jdk.internal.reflect.DelegatingMethodAccessorImpl.invoke(DelegatingMethodAccessorImpl.java:43)
at java.base/java.lang.reflect.Method.invoke(Method.java:568)
at org.testng.internal.MethodInvocationHelper.invokeMethod(MethodInvocationHelper.java:133)
at org.testng.internal.TestInvoker.invokeMethod(TestInvoker.java:598)
at org.testng.internal.TestInvoker.invokeTestMethod(TestInvoker.java:173)
at org.testng.internal.MethodRunner.runInSequence(MethodRunner.java:46)
at org.testng.internal.TestInvoker$MethodInvocationAgent.invoke(TestInvoker.java:824)
at org.testng.internal.TestInvoker.invokeTestMethods(TestInvoker.java:146)
at org.testng.internal.TestMethodWorker.invokeTestMethods(TestMethodWorker.java:146)
at org.testng.internal.TestMethodWorker.run(TestMethodWorker.java:128)
at java.base/java.util.concurrent.ThreadPoolExecutor.runWorker(ThreadPoolExecutor.java:1136)
at java.base/java.util.concurrent.ThreadPoolExecutor$Worker.run(ThreadPoolExecutor.java:635)
at java.base/java.lang.Thread.run(Thread.java:833)
]]>
            </full-stacktrace>
          </exception> <!-- java.lang.AssertionError -->
          <reporter-output>
          </reporter-output>
        </test-method> <!-- veriftShirtDetailsAfterClicking -->
        <test-method is-config="true" signature="afterMethod(org.testng.ITestResult)[pri:0, instance:testpackBewkoof.ToVerifyShirtSection@57a3af25]" started-at="2023-04-10T21:05:29 IST" name="afterMethod" finished-at="2023-04-10T21:05:29 IST" duration-ms="422" status="PASS">
          <params>
            <param index="0">
              <value>
                <![CDATA[[TestResult name=veriftShirtDetailsAfterClicking status=FAILURE method=ToVerifyShirtSection.veriftShirtDetailsAfterClicking()[pri:0, instance:testpackBewkoof.ToVerifyShirtSection@57a3af25] output={null}]]]>
              </value>
            </param>
          </params>
          <reporter-output>
          </reporter-output>
        </test-method> <!-- afterMethod -->
        <test-method is-config="true" signature="openApplication()[pri:0, instance:testpackBewkoof.ToVerifyShirtSection@57a3af25]" started-at="2023-04-10T21:05:29 IST" name="openApplication" finished-at="2023-04-10T21:05:36 IST" duration-ms="6471" status="PASS">
          <reporter-output>
          </reporter-output>
        </test-method> <!-- openApplication -->
        <test-method signature="verifyTitleofShirtSectionPage()[pri:0, instance:testpackBewkoof.ToVerifyShirtSection@57a3af25]" started-at="2023-04-10T21:05:36 IST" name="verifyTitleofShirtSectionPage" finished-at="2023-04-10T21:05:37 IST" duration-ms="1339" status="PASS">
          <reporter-output>
          </reporter-output>
        </test-method> <!-- verifyTitleofShirtSectionPage -->
        <test-method is-config="true" signature="afterMethod(org.testng.ITestResult)[pri:0, instance:testpackBewkoof.ToVerifyShirtSection@57a3af25]" started-at="2023-04-10T21:05:37 IST" name="afterMethod" finished-at="2023-04-10T21:05:37 IST" duration-ms="1" status="PASS">
          <params>
            <param index="0">
              <value>
                <![CDATA[[TestResult name=verifyTitleofShirtSectionPage status=SUCCESS method=ToVerifyShirtSection.verifyTitleofShirtSectionPage()[pri:0, instance:testpackBewkoof.ToVerifyShirtSection@57a3af25] output={null}]]]>
              </value>
            </param>
          </params>
          <reporter-output>
          </reporter-output>
        </test-method> <!-- afterMethod -->
        <test-method is-config="true" signature="clearObject()[pri:0, instance:testpackBewkoof.ToVerifyShirtSection@57a3af25]" started-at="2023-04-10T21:05:37 IST" name="clearObject" finished-at="2023-04-10T21:05:40 IST" duration-ms="2995" status="PASS">
          <reporter-output>
          </reporter-output>
        </test-method> <!-- clearObject -->
        <test-method is-config="true" signature="afterTest()[pri:0, instance:testpackBewkoof.ToVerifyShirtSection@57a3af25]" started-at="2023-04-10T21:05:40 IST" name="afterTest" finished-at="2023-04-10T21:05:40 IST" duration-ms="1" status="PASS">
          <reporter-output>
          </reporter-output>
        </test-method> <!-- afterTest -->
      </class> <!-- testpackBewkoof.ToVerifyShirtSection -->
      <class name="testpackBewkoof.ToVerifyHomePage">
        <test-method is-config="true" signature="beforeTest(java.lang.String)[pri:0, instance:testpackBewkoof.ToVerifyHomePage@2b662a77]" started-at="2023-04-10T21:05:03 IST" name="beforeTest" finished-at="2023-04-10T21:05:10 IST" duration-ms="7007" status="PASS">
          <params>
            <param index="0">
              <value>
                <![CDATA[Firefox]]>
              </value>
            </param>
          </params>
          <reporter-output>
          </reporter-output>
        </test-method> <!-- beforeTest -->
        <test-method is-config="true" signature="launchBrowser()[pri:0, instance:testpackBewkoof.ToVerifyHomePage@2b662a77]" started-at="2023-04-10T21:05:15 IST" name="launchBrowser" finished-at="2023-04-10T21:05:20 IST" duration-ms="5023" status="PASS">
          <reporter-output>
          </reporter-output>
        </test-method> <!-- launchBrowser -->
        <test-method is-config="true" signature="openApplication()[pri:0, instance:testpackBewkoof.ToVerifyHomePage@2b662a77]" started-at="2023-04-10T21:05:20 IST" name="openApplication" finished-at="2023-04-10T21:05:25 IST" duration-ms="5158" status="PASS">
          <reporter-output>
          </reporter-output>
        </test-method> <!-- openApplication -->
        <test-method signature="verifyMenSectionafterClickingMenTab()[pri:0, instance:testpackBewkoof.ToVerifyHomePage@2b662a77]" started-at="2023-04-10T21:05:25 IST" name="verifyMenSectionafterClickingMenTab" finished-at="2023-04-10T21:05:28 IST" duration-ms="2750" status="PASS">
          <reporter-output>
          </reporter-output>
        </test-method> <!-- verifyMenSectionafterClickingMenTab -->
        <test-method is-config="true" signature="logOutBrowser(org.testng.ITestResult)[pri:0, instance:testpackBewkoof.ToVerifyHomePage@2b662a77]" started-at="2023-04-10T21:05:28 IST" name="logOutBrowser" finished-at="2023-04-10T21:05:28 IST" duration-ms="1" status="PASS">
          <params>
            <param index="0">
              <value>
                <![CDATA[[TestResult name=verifyMenSectionafterClickingMenTab status=SUCCESS method=ToVerifyHomePage.verifyMenSectionafterClickingMenTab()[pri:0, instance:testpackBewkoof.ToVerifyHomePage@2b662a77] output={null}]]]>
              </value>
            </param>
          </params>
          <reporter-output>
          </reporter-output>
        </test-method> <!-- logOutBrowser -->
        <test-method is-config="true" signature="openApplication()[pri:0, instance:testpackBewkoof.ToVerifyHomePage@2b662a77]" started-at="2023-04-10T21:05:28 IST" name="openApplication" finished-at="2023-04-10T21:05:33 IST" duration-ms="5051" status="PASS">
          <reporter-output>
          </reporter-output>
        </test-method> <!-- openApplication -->
        <test-method signature="verifyLoginButtononHomePage()[pri:0, instance:testpackBewkoof.ToVerifyHomePage@2b662a77]" started-at="2023-04-10T21:05:33 IST" name="verifyLoginButtononHomePage" finished-at="2023-04-10T21:05:34 IST" duration-ms="1156" status="PASS">
          <reporter-output>
          </reporter-output>
        </test-method> <!-- verifyLoginButtononHomePage -->
        <test-method is-config="true" signature="logOutBrowser(org.testng.ITestResult)[pri:0, instance:testpackBewkoof.ToVerifyHomePage@2b662a77]" started-at="2023-04-10T21:05:34 IST" name="logOutBrowser" finished-at="2023-04-10T21:05:34 IST" duration-ms="1" status="PASS">
          <params>
            <param index="0">
              <value>
                <![CDATA[[TestResult name=verifyLoginButtononHomePage status=SUCCESS method=ToVerifyHomePage.verifyLoginButtononHomePage()[pri:0, instance:testpackBewkoof.ToVerifyHomePage@2b662a77] output={null}]]]>
              </value>
            </param>
          </params>
          <reporter-output>
          </reporter-output>
        </test-method> <!-- logOutBrowser -->
        <test-method is-config="true" signature="clearObject()[pri:0, instance:testpackBewkoof.ToVerifyHomePage@2b662a77]" started-at="2023-04-10T21:05:34 IST" name="clearObject" finished-at="2023-04-10T21:05:39 IST" duration-ms="4712" status="PASS">
          <reporter-output>
          </reporter-output>
        </test-method> <!-- clearObject -->
        <test-method is-config="true" signature="afterTest()[pri:0, instance:testpackBewkoof.ToVerifyHomePage@2b662a77]" started-at="2023-04-10T21:05:40 IST" name="afterTest" finished-at="2023-04-10T21:05:40 IST" duration-ms="1" status="PASS">
          <reporter-output>
          </reporter-output>
        </test-method> <!-- afterTest -->
      </class> <!-- testpackBewkoof.ToVerifyHomePage -->
    </test> <!-- FirefoxTest -->
  </suite> <!-- HighPrioritySuite -->
</testng-results>
